
> chromatic-test@1.0.0 build-storybook
> storybook build --output-dir /var/folders/7t/6bmfhq1j13xbctstxs56g4mr0000gn/T/chromatic--82054-jmBc1GOFZxku

@storybook/cli v8.0.5

info => Cleaning outputDir: ../../../../var/folders/7t/6bmfhq1j13xbctstxs56g4mr0000gn/T/chromatic--82054-jmBc1GOFZxku
info => Loading presets
info => Building manager..
info => Manager built (98 ms)
info => Building preview..
info Addon-docs: using MDX3
info => Using implicit CSS loaders
info => Using default Webpack5 setup
WARN asset size limit: The following asset(s) exceed the recommended size limit (244 KiB).
WARN This can impact web performance.
WARN Assets: 
WARN   static/media/addon-library.7a58d2cb.png (456 KiB)
WARN   3.ea65f4d2.iframe.bundle.js (764 KiB)
WARN   716.c4287f9c.iframe.bundle.js (1.09 MiB)
WARN entrypoint size limit: The following entrypoint(s) combined asset size exceeds the recommended limit (244 KiB). This can impact web performance.
WARN Entrypoints:
WARN   main (1.1 MiB)
WARN       runtime~main.446acb78.iframe.bundle.js
WARN       716.c4287f9c.iframe.bundle.js
WARN       main.0e80c505.iframe.bundle.js
WARN 
info => Preview built (5.02 s)
info => Output directory: /var/folders/7t/6bmfhq1j13xbctstxs56g4mr0000gn/T/chromatic--82054-jmBc1GOFZxku
